{"/home/harsha/Desktop/training/backend/src/app1.ts": {"path":"/home/harsha/Desktop/training/backend/src/app1.ts","statementMap":{"0":{"start":{"line":1,"column":0},"end":{"line":1,"column":30}},"1":{"start":{"line":2,"column":15},"end":{"line":2,"column":24}},"2":{"start":{"line":5,"column":0},"end":{"line":5,"column":62}},"3":{"start":{"line":6,"column":0},"end":{"line":6,"column":54}},"4":{"start":{"line":7,"column":0},"end":{"line":7,"column":29}},"5":{"start":{"line":9,"column":0},"end":{"line":9,"column":37}},"6":{"start":{"line":11,"column":0},"end":{"line":11,"column":45}},"7":{"start":{"line":13,"column":0},"end":{"line":13,"column":60}},"8":{"start":{"line":14,"column":0},"end":{"line":14,"column":58}},"9":{"start":{"line":16,"column":0},"end":{"line":16,"column":30}},"10":{"start":{"line":17,"column":0},"end":{"line":17,"column":41}},"11":{"start":{"line":18,"column":0},"end":{"line":18,"column":44}},"12":{"start":{"line":21,"column":0},"end":{"line":21,"column":28}},"13":{"start":{"line":42,"column":0},"end":{"line":52,"column":5}},"14":{"start":{"line":42,"column":12},"end":{"line":52,"column":2}},"15":{"start":{"line":43,"column":2},"end":{"line":48,"column":3}},"16":{"start":{"line":44,"column":4},"end":{"line":44,"column":34}},"17":{"start":{"line":46,"column":4},"end":{"line":46,"column":29}},"18":{"start":{"line":47,"column":4},"end":{"line":47,"column":20}},"19":{"start":{"line":49,"column":2},"end":{"line":51,"column":5}},"20":{"start":{"line":50,"column":4},"end":{"line":50,"column":44}}},"fnMap":{"0":{"name":"(anonymous_8)","decl":{"start":{"line":42,"column":1},"end":{"line":42,"column":10}},"loc":{"start":{"line":42,"column":12},"end":{"line":52,"column":2}}},"1":{"name":"(anonymous_9)","decl":{"start":{"line":42,"column":12},"end":{"line":42,"column":null}},"loc":{"start":{"line":42,"column":12},"end":{"line":52,"column":1}}},"2":{"name":"(anonymous_10)","decl":{"start":{"line":49,"column":22},"end":{"line":49,"column":25}},"loc":{"start":{"line":49,"column":27},"end":{"line":51,"column":3}}}},"branchMap":{},"s":{"0":0,"1":0,"2":0,"3":0,"4":0,"5":0,"6":0,"7":0,"8":0,"9":0,"10":0,"11":0,"12":0,"13":0,"14":0,"15":0,"16":0,"17":0,"18":0,"19":0,"20":0},"f":{"0":0,"1":0,"2":0},"b":{}}
,"/home/harsha/Desktop/training/backend/src/controller/department.controller.ts": {"path":"/home/harsha/Desktop/training/backend/src/controller/department.controller.ts","statementMap":{"0":{"start":{"line":1,"column":0},"end":{"line":1,"column":66}},"1":{"start":{"line":3,"column":0},"end":{"line":3,"column":54}},"2":{"start":{"line":5,"column":0},"end":{"line":5,"column":58}},"3":{"start":{"line":6,"column":0},"end":{"line":6,"column":42}},"4":{"start":{"line":7,"column":0},"end":{"line":7,"column":52}},"5":{"start":{"line":8,"column":0},"end":{"line":8,"column":null}},"6":{"start":{"line":13,"column":0},"end":{"line":13,"column":43}},"7":{"start":{"line":14,"column":0},"end":{"line":14,"column":62}},"8":{"start":{"line":19,"column":22},"end":{"line":19,"column":58}},"9":{"start":{"line":28,"column":2},"end":{"line":31,"column":4}},"10":{"start":{"line":28,"column":49},"end":{"line":31,"column":4}},"11":{"start":{"line":29,"column":24},"end":{"line":29,"column":72}},"12":{"start":{"line":30,"column":4},"end":{"line":30,"column":26}},"13":{"start":{"line":33,"column":2},"end":{"line":48,"column":4}},"14":{"start":{"line":37,"column":6},"end":{"line":48,"column":4}},"15":{"start":{"line":38,"column":4},"end":{"line":47,"column":5}},"16":{"start":{"line":39,"column":17},"end":{"line":39,"column":38}},"17":{"start":{"line":40,"column":25},"end":{"line":40,"column":75}},"18":{"start":{"line":41,"column":6},"end":{"line":43,"column":7}},"19":{"start":{"line":42,"column":8},"end":{"line":42,"column":61}},"20":{"start":{"line":44,"column":6},"end":{"line":44,"column":67}},"21":{"start":{"line":46,"column":6},"end":{"line":46,"column":18}},"22":{"start":{"line":50,"column":2},"end":{"line":80,"column":4}},"23":{"start":{"line":54,"column":6},"end":{"line":80,"column":4}},"24":{"start":{"line":55,"column":4},"end":{"line":79,"column":5}},"25":{"start":{"line":56,"column":6},"end":{"line":58,"column":7}},"26":{"start":{"line":57,"column":8},"end":{"line":57,"column":55}},"27":{"start":{"line":59,"column":28},"end":{"line":59,"column":74}},"28":{"start":{"line":60,"column":21},"end":{"line":60,"column":50}},"29":{"start":{"line":62,"column":6},"end":{"line":65,"column":7}},"30":{"start":{"line":63,"column":31},"end":{"line":63,"column":53}},"31":{"start":{"line":64,"column":8},"end":{"line":64,"column":73}},"32":{"start":{"line":67,"column":29},"end":{"line":68,"column":null}},"33":{"start":{"line":70,"column":6},"end":{"line":70,"column":34}},"34":{"start":{"line":72,"column":6},"end":{"line":76,"column":9}},"35":{"start":{"line":78,"column":6},"end":{"line":78,"column":18}},"36":{"start":{"line":82,"column":2},"end":{"line":105,"column":4}},"37":{"start":{"line":86,"column":6},"end":{"line":105,"column":4}},"38":{"start":{"line":87,"column":4},"end":{"line":104,"column":5}},"39":{"start":{"line":88,"column":6},"end":{"line":90,"column":7}},"40":{"start":{"line":89,"column":8},"end":{"line":89,"column":55}},"41":{"start":{"line":91,"column":17},"end":{"line":91,"column":36}},"42":{"start":{"line":92,"column":28},"end":{"line":92,"column":74}},"43":{"start":{"line":93,"column":21},"end":{"line":93,"column":50}},"44":{"start":{"line":95,"column":6},"end":{"line":98,"column":7}},"45":{"start":{"line":96,"column":31},"end":{"line":96,"column":53}},"46":{"start":{"line":97,"column":8},"end":{"line":97,"column":73}},"47":{"start":{"line":100,"column":6},"end":{"line":100,"column":73}},"48":{"start":{"line":101,"column":6},"end":{"line":101,"column":65}},"49":{"start":{"line":103,"column":6},"end":{"line":103,"column":16}},"50":{"start":{"line":107,"column":2},"end":{"line":122,"column":4}},"51":{"start":{"line":111,"column":6},"end":{"line":122,"column":4}},"52":{"start":{"line":112,"column":4},"end":{"line":121,"column":5}},"53":{"start":{"line":113,"column":6},"end":{"line":115,"column":7}},"54":{"start":{"line":114,"column":8},"end":{"line":114,"column":55}},"55":{"start":{"line":116,"column":17},"end":{"line":116,"column":38}},"56":{"start":{"line":117,"column":6},"end":{"line":117,"column":56}},"57":{"start":{"line":118,"column":6},"end":{"line":118,"column":65}},"58":{"start":{"line":120,"column":6},"end":{"line":120,"column":16}},"59":{"start":{"line":20,"column":4},"end":{"line":20,"column":27}},"60":{"start":{"line":22,"column":4},"end":{"line":22,"column":60}},"61":{"start":{"line":23,"column":4},"end":{"line":23,"column":63}},"62":{"start":{"line":24,"column":4},"end":{"line":24,"column":60}},"63":{"start":{"line":25,"column":4},"end":{"line":25,"column":61}},"64":{"start":{"line":26,"column":4},"end":{"line":26,"column":65}},"65":{"start":{"line":16,"column":0},"end":{"line":16,"column":21}}},"fnMap":{"0":{"name":"(anonymous_8)","decl":{"start":{"line":19,"column":2},"end":{"line":19,"column":22}},"loc":{"start":{"line":19,"column":58},"end":{"line":27,"column":3}}},"1":{"name":"(anonymous_9)","decl":{"start":{"line":28,"column":22},"end":{"line":28,"column":29}},"loc":{"start":{"line":28,"column":49},"end":{"line":31,"column":4}}},"2":{"name":"(anonymous_10)","decl":{"start":{"line":28,"column":49},"end":{"line":28,"column":null}},"loc":{"start":{"line":28,"column":49},"end":{"line":31,"column":3}}},"3":{"name":"(anonymous_11)","decl":{"start":{"line":33,"column":22},"end":{"line":33,"column":null}},"loc":{"start":{"line":37,"column":6},"end":{"line":48,"column":4}}},"4":{"name":"(anonymous_12)","decl":{"start":{"line":37,"column":6},"end":{"line":37,"column":null}},"loc":{"start":{"line":37,"column":6},"end":{"line":48,"column":3}}},"5":{"name":"(anonymous_13)","decl":{"start":{"line":50,"column":21},"end":{"line":50,"column":null}},"loc":{"start":{"line":54,"column":6},"end":{"line":80,"column":4}}},"6":{"name":"(anonymous_14)","decl":{"start":{"line":54,"column":6},"end":{"line":54,"column":null}},"loc":{"start":{"line":54,"column":6},"end":{"line":80,"column":3}}},"7":{"name":"(anonymous_15)","decl":{"start":{"line":82,"column":21},"end":{"line":82,"column":null}},"loc":{"start":{"line":86,"column":6},"end":{"line":105,"column":4}}},"8":{"name":"(anonymous_16)","decl":{"start":{"line":86,"column":6},"end":{"line":86,"column":null}},"loc":{"start":{"line":86,"column":6},"end":{"line":105,"column":3}}},"9":{"name":"(anonymous_17)","decl":{"start":{"line":107,"column":21},"end":{"line":107,"column":null}},"loc":{"start":{"line":111,"column":6},"end":{"line":122,"column":4}}},"10":{"name":"(anonymous_18)","decl":{"start":{"line":111,"column":6},"end":{"line":111,"column":null}},"loc":{"start":{"line":111,"column":6},"end":{"line":122,"column":3}}}},"branchMap":{"0":{"loc":{"start":{"line":41,"column":6},"end":{"line":43,"column":7}},"type":"if","locations":[{"start":{"line":41,"column":6},"end":{"line":43,"column":7}}]},"1":{"loc":{"start":{"line":56,"column":6},"end":{"line":58,"column":7}},"type":"if","locations":[{"start":{"line":56,"column":6},"end":{"line":58,"column":7}}]},"2":{"loc":{"start":{"line":62,"column":6},"end":{"line":65,"column":7}},"type":"if","locations":[{"start":{"line":62,"column":6},"end":{"line":65,"column":7}}]},"3":{"loc":{"start":{"line":88,"column":6},"end":{"line":90,"column":7}},"type":"if","locations":[{"start":{"line":88,"column":6},"end":{"line":90,"column":7}}]},"4":{"loc":{"start":{"line":95,"column":6},"end":{"line":98,"column":7}},"type":"if","locations":[{"start":{"line":95,"column":6},"end":{"line":98,"column":7}}]},"5":{"loc":{"start":{"line":113,"column":6},"end":{"line":115,"column":7}},"type":"if","locations":[{"start":{"line":113,"column":6},"end":{"line":115,"column":7}}]}},"s":{"0":0,"1":0,"2":0,"3":0,"4":0,"5":0,"6":0,"7":0,"8":0,"9":0,"10":0,"11":0,"12":0,"13":0,"14":0,"15":0,"16":0,"17":0,"18":0,"19":0,"20":0,"21":0,"22":0,"23":0,"24":0,"25":0,"26":0,"27":0,"28":0,"29":0,"30":0,"31":0,"32":0,"33":0,"34":0,"35":0,"36":0,"37":0,"38":0,"39":0,"40":0,"41":0,"42":0,"43":0,"44":0,"45":0,"46":0,"47":0,"48":0,"49":0,"50":0,"51":0,"52":0,"53":0,"54":0,"55":0,"56":0,"57":0,"58":0,"59":0,"60":0,"61":0,"62":0,"63":0,"64":0,"65":0},"f":{"0":0,"1":0,"2":0,"3":0,"4":0,"5":0,"6":0,"7":0,"8":0,"9":0,"10":0},"b":{"0":[0],"1":[0],"2":[0],"3":[0],"4":[0],"5":[0]}}
,"/home/harsha/Desktop/training/backend/src/controller/employee.controller.ts": {"path":"/home/harsha/Desktop/training/backend/src/controller/employee.controller.ts","statementMap":{"0":{"start":{"line":1,"column":0},"end":{"line":1,"column":43}},"1":{"start":{"line":2,"column":1},"end":{"line":2,"column":59}},"2":{"start":{"line":4,"column":0},"end":{"line":4,"column":48}},"3":{"start":{"line":5,"column":0},"end":{"line":5,"column":52}},"4":{"start":{"line":6,"column":0},"end":{"line":6,"column":54}},"5":{"start":{"line":7,"column":0},"end":{"line":7,"column":56}},"6":{"start":{"line":8,"column":0},"end":{"line":8,"column":62}},"7":{"start":{"line":9,"column":0},"end":{"line":9,"column":42}},"8":{"start":{"line":11,"column":0},"end":{"line":11,"column":62}},"9":{"start":{"line":18,"column":22},"end":{"line":18,"column":54}},"10":{"start":{"line":29,"column":9},"end":{"line":45,"column":null}},"11":{"start":{"line":33,"column":6},"end":{"line":45,"column":null}},"12":{"start":{"line":34,"column":28},"end":{"line":34,"column":36}},"13":{"start":{"line":35,"column":4},"end":{"line":44,"column":6}},"14":{"start":{"line":38,"column":17},"end":{"line":38,"column":74}},"15":{"start":{"line":39,"column":4},"end":{"line":39,"column":41}},"16":{"start":{"line":43,"column":6},"end":{"line":43,"column":18}},"17":{"start":{"line":49,"column":9},"end":{"line":56,"column":4}},"18":{"start":{"line":53,"column":6},"end":{"line":56,"column":4}},"19":{"start":{"line":54,"column":22},"end":{"line":54,"column":66}},"20":{"start":{"line":55,"column":4},"end":{"line":55,"column":36}},"21":{"start":{"line":58,"column":9},"end":{"line":77,"column":4}},"22":{"start":{"line":62,"column":6},"end":{"line":77,"column":4}},"23":{"start":{"line":63,"column":4},"end":{"line":76,"column":5}},"24":{"start":{"line":64,"column":23},"end":{"line":65,"column":null}},"25":{"start":{"line":67,"column":6},"end":{"line":71,"column":7}},"26":{"start":{"line":69,"column":22},"end":{"line":69,"column":89}},"27":{"start":{"line":70,"column":8},"end":{"line":70,"column":20}},"28":{"start":{"line":72,"column":6},"end":{"line":73,"column":27}},"29":{"start":{"line":75,"column":6},"end":{"line":75,"column":16}},"30":{"start":{"line":118,"column":0},"end":{"line":151,"column":2}},"31":{"start":{"line":122,"column":4},"end":{"line":151,"column":2}},"32":{"start":{"line":123,"column":2},"end":{"line":150,"column":3}},"33":{"start":{"line":124,"column":4},"end":{"line":126,"column":5}},"34":{"start":{"line":125,"column":6},"end":{"line":125,"column":53}},"35":{"start":{"line":127,"column":24},"end":{"line":127,"column":68}},"36":{"start":{"line":128,"column":19},"end":{"line":128,"column":46}},"37":{"start":{"line":130,"column":4},"end":{"line":133,"column":5}},"38":{"start":{"line":131,"column":29},"end":{"line":131,"column":51}},"39":{"start":{"line":132,"column":6},"end":{"line":132,"column":71}},"40":{"start":{"line":135,"column":25},"end":{"line":142,"column":null}},"41":{"start":{"line":144,"column":4},"end":{"line":147,"column":7}},"42":{"start":{"line":149,"column":4},"end":{"line":149,"column":16}},"43":{"start":{"line":159,"column":2},"end":{"line":182,"column":4}},"44":{"start":{"line":163,"column":6},"end":{"line":182,"column":4}},"45":{"start":{"line":164,"column":4},"end":{"line":181,"column":5}},"46":{"start":{"line":165,"column":6},"end":{"line":167,"column":7}},"47":{"start":{"line":166,"column":8},"end":{"line":166,"column":55}},"48":{"start":{"line":168,"column":17},"end":{"line":168,"column":36}},"49":{"start":{"line":169,"column":26},"end":{"line":169,"column":70}},"50":{"start":{"line":170,"column":21},"end":{"line":170,"column":48}},"51":{"start":{"line":172,"column":6},"end":{"line":175,"column":7}},"52":{"start":{"line":173,"column":31},"end":{"line":173,"column":53}},"53":{"start":{"line":174,"column":8},"end":{"line":174,"column":73}},"54":{"start":{"line":177,"column":6},"end":{"line":177,"column":69}},"55":{"start":{"line":178,"column":6},"end":{"line":178,"column":63}},"56":{"start":{"line":180,"column":6},"end":{"line":180,"column":16}},"57":{"start":{"line":184,"column":9},"end":{"line":192,"column":4}},"58":{"start":{"line":187,"column":6},"end":{"line":192,"column":4}},"59":{"start":{"line":188,"column":22},"end":{"line":189,"column":null}},"60":{"start":{"line":191,"column":4},"end":{"line":191,"column":27}},"61":{"start":{"line":19,"column":4},"end":{"line":19,"column":35}},"62":{"start":{"line":20,"column":4},"end":{"line":20,"column":58}},"63":{"start":{"line":21,"column":4},"end":{"line":21,"column":61}},"64":{"start":{"line":22,"column":4},"end":{"line":22,"column":58}},"65":{"start":{"line":23,"column":4},"end":{"line":23,"column":60}},"66":{"start":{"line":24,"column":4},"end":{"line":24,"column":63}},"67":{"start":{"line":25,"column":4},"end":{"line":25,"column":51}},"68":{"start":{"line":199,"column":0},"end":{"line":199,"column":34}}},"fnMap":{"0":{"name":"(anonymous_8)","decl":{"start":{"line":18,"column":2},"end":{"line":18,"column":22}},"loc":{"start":{"line":18,"column":54},"end":{"line":26,"column":3}}},"1":{"name":"(anonymous_9)","decl":{"start":{"line":29,"column":24},"end":{"line":29,"column":null}},"loc":{"start":{"line":33,"column":6},"end":{"line":45,"column":null}}},"2":{"name":"(anonymous_10)","decl":{"start":{"line":33,"column":6},"end":{"line":33,"column":null}},"loc":{"start":{"line":33,"column":6},"end":{"line":45,"column":5}}},"3":{"name":"(anonymous_11)","decl":{"start":{"line":49,"column":27},"end":{"line":49,"column":null}},"loc":{"start":{"line":53,"column":6},"end":{"line":56,"column":4}}},"4":{"name":"(anonymous_12)","decl":{"start":{"line":53,"column":6},"end":{"line":53,"column":null}},"loc":{"start":{"line":53,"column":6},"end":{"line":56,"column":3}}},"5":{"name":"(anonymous_13)","decl":{"start":{"line":58,"column":27},"end":{"line":58,"column":null}},"loc":{"start":{"line":62,"column":6},"end":{"line":77,"column":4}}},"6":{"name":"(anonymous_14)","decl":{"start":{"line":62,"column":6},"end":{"line":62,"column":null}},"loc":{"start":{"line":62,"column":6},"end":{"line":77,"column":3}}},"7":{"name":"(anonymous_15)","decl":{"start":{"line":118,"column":17},"end":{"line":118,"column":null}},"loc":{"start":{"line":122,"column":4},"end":{"line":151,"column":2}}},"8":{"name":"(anonymous_16)","decl":{"start":{"line":122,"column":4},"end":{"line":122,"column":null}},"loc":{"start":{"line":122,"column":4},"end":{"line":151,"column":1}}},"9":{"name":"(anonymous_17)","decl":{"start":{"line":159,"column":19},"end":{"line":159,"column":null}},"loc":{"start":{"line":163,"column":6},"end":{"line":182,"column":4}}},"10":{"name":"(anonymous_18)","decl":{"start":{"line":163,"column":6},"end":{"line":163,"column":null}},"loc":{"start":{"line":163,"column":6},"end":{"line":182,"column":3}}},"11":{"name":"(anonymous_19)","decl":{"start":{"line":184,"column":26},"end":{"line":184,"column":null}},"loc":{"start":{"line":187,"column":6},"end":{"line":192,"column":4}}},"12":{"name":"(anonymous_20)","decl":{"start":{"line":187,"column":6},"end":{"line":187,"column":null}},"loc":{"start":{"line":187,"column":6},"end":{"line":192,"column":3}}}},"branchMap":{"0":{"loc":{"start":{"line":67,"column":6},"end":{"line":71,"column":7}},"type":"if","locations":[{"start":{"line":67,"column":6},"end":{"line":71,"column":7}}]},"1":{"loc":{"start":{"line":124,"column":4},"end":{"line":126,"column":5}},"type":"if","locations":[{"start":{"line":124,"column":4},"end":{"line":126,"column":5}}]},"2":{"loc":{"start":{"line":130,"column":4},"end":{"line":133,"column":5}},"type":"if","locations":[{"start":{"line":130,"column":4},"end":{"line":133,"column":5}}]},"3":{"loc":{"start":{"line":165,"column":6},"end":{"line":167,"column":7}},"type":"if","locations":[{"start":{"line":165,"column":6},"end":{"line":167,"column":7}}]},"4":{"loc":{"start":{"line":172,"column":6},"end":{"line":175,"column":7}},"type":"if","locations":[{"start":{"line":172,"column":6},"end":{"line":175,"column":7}}]}},"s":{"0":0,"1":0,"2":0,"3":0,"4":0,"5":0,"6":0,"7":0,"8":0,"9":0,"10":0,"11":0,"12":0,"13":0,"14":0,"15":0,"16":0,"17":0,"18":0,"19":0,"20":0,"21":0,"22":0,"23":0,"24":0,"25":0,"26":0,"27":0,"28":0,"29":0,"30":0,"31":0,"32":0,"33":0,"34":0,"35":0,"36":0,"37":0,"38":0,"39":0,"40":0,"41":0,"42":0,"43":0,"44":0,"45":0,"46":0,"47":0,"48":0,"49":0,"50":0,"51":0,"52":0,"53":0,"54":0,"55":0,"56":0,"57":0,"58":0,"59":0,"60":0,"61":0,"62":0,"63":0,"64":0,"65":0,"66":0,"67":0,"68":0},"f":{"0":0,"1":0,"2":0,"3":0,"4":0,"5":0,"6":0,"7":0,"8":0,"9":0,"10":0,"11":0,"12":0},"b":{"0":[0],"1":[0],"2":[0],"3":[0],"4":[0]}}
,"/home/harsha/Desktop/training/backend/src/db/data-source.db.ts": {"path":"/home/harsha/Desktop/training/backend/src/db/data-source.db.ts","statementMap":{"0":{"start":{"line":1,"column":0},"end":{"line":1,"column":26}},"1":{"start":{"line":2,"column":0},"end":{"line":2,"column":37}},"2":{"start":{"line":3,"column":0},"end":{"line":3,"column":64}},"3":{"start":{"line":5,"column":0},"end":{"line":5,"column":29}},"4":{"start":{"line":6,"column":0},"end":{"line":6,"column":16}},"5":{"start":{"line":7,"column":19},"end":{"line":21,"column":2}},"6":{"start":{"line":23,"column":0},"end":{"line":23,"column":26}}},"fnMap":{},"branchMap":{},"s":{"0":0,"1":0,"2":0,"3":0,"4":0,"5":0,"6":0},"f":{},"b":{}}
,"/home/harsha/Desktop/training/backend/src/db/migrations/1720084442608-create-employee.ts": {"path":"/home/harsha/Desktop/training/backend/src/db/migrations/1720084442608-create-employee.ts","statementMap":{"0":{"start":{"line":4,"column":4},"end":{"line":4,"column":null}},"1":{"start":{"line":7,"column":8},"end":{"line":7,"column":335}},"2":{"start":{"line":11,"column":8},"end":{"line":11,"column":57}},"3":{"start":{"line":3,"column":0},"end":{"line":3,"column":13}}},"fnMap":{"0":{"name":"(anonymous_7)","decl":{"start":{"line":3,"column":0},"end":{"line":3,"column":13}},"loc":{"start":{"line":3,"column":0},"end":{"line":14,"column":1}}},"1":{"name":"(anonymous_8)","decl":{"start":{"line":6,"column":17},"end":{"line":6,"column":19}},"loc":{"start":{"line":6,"column":44},"end":{"line":8,"column":null}}},"2":{"name":"(anonymous_10)","decl":{"start":{"line":10,"column":17},"end":{"line":10,"column":21}},"loc":{"start":{"line":10,"column":46},"end":{"line":12,"column":null}}}},"branchMap":{},"s":{"0":0,"1":0,"2":0,"3":0},"f":{"0":0,"1":0,"2":0},"b":{}}
,"/home/harsha/Desktop/training/backend/src/db/migrations/1720084667432-update-age.ts": {"path":"/home/harsha/Desktop/training/backend/src/db/migrations/1720084667432-update-age.ts","statementMap":{"0":{"start":{"line":4,"column":4},"end":{"line":4,"column":null}},"1":{"start":{"line":7,"column":8},"end":{"line":7,"column":85}},"2":{"start":{"line":11,"column":8},"end":{"line":11,"column":76}},"3":{"start":{"line":3,"column":0},"end":{"line":3,"column":13}}},"fnMap":{"0":{"name":"(anonymous_7)","decl":{"start":{"line":3,"column":0},"end":{"line":3,"column":13}},"loc":{"start":{"line":3,"column":0},"end":{"line":14,"column":1}}},"1":{"name":"(anonymous_8)","decl":{"start":{"line":6,"column":17},"end":{"line":6,"column":19}},"loc":{"start":{"line":6,"column":44},"end":{"line":8,"column":null}}},"2":{"name":"(anonymous_10)","decl":{"start":{"line":10,"column":17},"end":{"line":10,"column":21}},"loc":{"start":{"line":10,"column":46},"end":{"line":12,"column":null}}}},"branchMap":{},"s":{"0":0,"1":0,"2":0,"3":0},"f":{"0":0,"1":0,"2":0},"b":{}}
,"/home/harsha/Desktop/training/backend/src/db/migrations/1720088354901-adde-addresstable.ts": {"path":"/home/harsha/Desktop/training/backend/src/db/migrations/1720088354901-adde-addresstable.ts","statementMap":{"0":{"start":{"line":4,"column":4},"end":{"line":4,"column":null}},"1":{"start":{"line":7,"column":8},"end":{"line":7,"column":337}},"2":{"start":{"line":11,"column":8},"end":{"line":11,"column":56}},"3":{"start":{"line":3,"column":0},"end":{"line":3,"column":13}}},"fnMap":{"0":{"name":"(anonymous_7)","decl":{"start":{"line":3,"column":0},"end":{"line":3,"column":13}},"loc":{"start":{"line":3,"column":0},"end":{"line":14,"column":1}}},"1":{"name":"(anonymous_8)","decl":{"start":{"line":6,"column":17},"end":{"line":6,"column":19}},"loc":{"start":{"line":6,"column":44},"end":{"line":8,"column":null}}},"2":{"name":"(anonymous_10)","decl":{"start":{"line":10,"column":17},"end":{"line":10,"column":21}},"loc":{"start":{"line":10,"column":46},"end":{"line":12,"column":null}}}},"branchMap":{},"s":{"0":0,"1":0,"2":0,"3":0},"f":{"0":0,"1":0,"2":0},"b":{}}
,"/home/harsha/Desktop/training/backend/src/db/migrations/1720088768942-age-null.ts": {"path":"/home/harsha/Desktop/training/backend/src/db/migrations/1720088768942-age-null.ts","statementMap":{"0":{"start":{"line":4,"column":4},"end":{"line":4,"column":null}},"1":{"start":{"line":7,"column":8},"end":{"line":7,"column":91}},"2":{"start":{"line":11,"column":8},"end":{"line":11,"column":90}},"3":{"start":{"line":3,"column":0},"end":{"line":3,"column":13}}},"fnMap":{"0":{"name":"(anonymous_7)","decl":{"start":{"line":3,"column":0},"end":{"line":3,"column":13}},"loc":{"start":{"line":3,"column":0},"end":{"line":14,"column":1}}},"1":{"name":"(anonymous_8)","decl":{"start":{"line":6,"column":17},"end":{"line":6,"column":19}},"loc":{"start":{"line":6,"column":44},"end":{"line":8,"column":null}}},"2":{"name":"(anonymous_10)","decl":{"start":{"line":10,"column":17},"end":{"line":10,"column":21}},"loc":{"start":{"line":10,"column":46},"end":{"line":12,"column":null}}}},"branchMap":{},"s":{"0":0,"1":0,"2":0,"3":0},"f":{"0":0,"1":0,"2":0},"b":{}}
,"/home/harsha/Desktop/training/backend/src/db/migrations/1720090409172-link.ts": {"path":"/home/harsha/Desktop/training/backend/src/db/migrations/1720090409172-link.ts","statementMap":{"0":{"start":{"line":4,"column":4},"end":{"line":4,"column":null}},"1":{"start":{"line":7,"column":8},"end":{"line":7,"column":83}},"2":{"start":{"line":8,"column":8},"end":{"line":8,"column":128}},"3":{"start":{"line":9,"column":8},"end":{"line":9,"column":201}},"4":{"start":{"line":13,"column":8},"end":{"line":13,"column":106}},"5":{"start":{"line":14,"column":8},"end":{"line":14,"column":106}},"6":{"start":{"line":15,"column":8},"end":{"line":15,"column":83}},"7":{"start":{"line":3,"column":0},"end":{"line":3,"column":13}}},"fnMap":{"0":{"name":"(anonymous_7)","decl":{"start":{"line":3,"column":0},"end":{"line":3,"column":13}},"loc":{"start":{"line":3,"column":0},"end":{"line":18,"column":1}}},"1":{"name":"(anonymous_8)","decl":{"start":{"line":6,"column":17},"end":{"line":6,"column":19}},"loc":{"start":{"line":6,"column":44},"end":{"line":10,"column":null}}},"2":{"name":"(anonymous_10)","decl":{"start":{"line":12,"column":17},"end":{"line":12,"column":21}},"loc":{"start":{"line":12,"column":46},"end":{"line":16,"column":null}}}},"branchMap":{},"s":{"0":0,"1":0,"2":0,"3":0,"4":0,"5":0,"6":0,"7":0},"f":{"0":0,"1":0,"2":0},"b":{}}
,"/home/harsha/Desktop/training/backend/src/db/migrations/1720158230885-addpswd.ts": {"path":"/home/harsha/Desktop/training/backend/src/db/migrations/1720158230885-addpswd.ts","statementMap":{"0":{"start":{"line":4,"column":4},"end":{"line":4,"column":null}},"1":{"start":{"line":7,"column":8},"end":{"line":7,"column":91}},"2":{"start":{"line":8,"column":8},"end":{"line":8,"column":87}},"3":{"start":{"line":12,"column":8},"end":{"line":12,"column":77}},"4":{"start":{"line":13,"column":8},"end":{"line":13,"column":81}},"5":{"start":{"line":3,"column":0},"end":{"line":3,"column":13}}},"fnMap":{"0":{"name":"(anonymous_7)","decl":{"start":{"line":3,"column":0},"end":{"line":3,"column":13}},"loc":{"start":{"line":3,"column":0},"end":{"line":16,"column":1}}},"1":{"name":"(anonymous_8)","decl":{"start":{"line":6,"column":17},"end":{"line":6,"column":19}},"loc":{"start":{"line":6,"column":44},"end":{"line":9,"column":null}}},"2":{"name":"(anonymous_10)","decl":{"start":{"line":11,"column":17},"end":{"line":11,"column":21}},"loc":{"start":{"line":11,"column":46},"end":{"line":14,"column":null}}}},"branchMap":{},"s":{"0":0,"1":0,"2":0,"3":0,"4":0,"5":0},"f":{"0":0,"1":0,"2":0},"b":{}}
,"/home/harsha/Desktop/training/backend/src/db/migrations/1720411524335-add-department.ts": {"path":"/home/harsha/Desktop/training/backend/src/db/migrations/1720411524335-add-department.ts","statementMap":{"0":{"start":{"line":4,"column":4},"end":{"line":4,"column":null}},"1":{"start":{"line":7,"column":8},"end":{"line":7,"column":362}},"2":{"start":{"line":8,"column":8},"end":{"line":8,"column":86}},"3":{"start":{"line":9,"column":8},"end":{"line":9,"column":206}},"4":{"start":{"line":13,"column":8},"end":{"line":13,"column":107}},"5":{"start":{"line":14,"column":8},"end":{"line":14,"column":86}},"6":{"start":{"line":15,"column":8},"end":{"line":15,"column":59}},"7":{"start":{"line":3,"column":0},"end":{"line":3,"column":13}}},"fnMap":{"0":{"name":"(anonymous_7)","decl":{"start":{"line":3,"column":0},"end":{"line":3,"column":13}},"loc":{"start":{"line":3,"column":0},"end":{"line":18,"column":1}}},"1":{"name":"(anonymous_8)","decl":{"start":{"line":6,"column":17},"end":{"line":6,"column":19}},"loc":{"start":{"line":6,"column":44},"end":{"line":10,"column":null}}},"2":{"name":"(anonymous_10)","decl":{"start":{"line":12,"column":17},"end":{"line":12,"column":21}},"loc":{"start":{"line":12,"column":46},"end":{"line":16,"column":null}}}},"branchMap":{},"s":{"0":0,"1":0,"2":0,"3":0,"4":0,"5":0,"6":0,"7":0},"f":{"0":0,"1":0,"2":0},"b":{}}
,"/home/harsha/Desktop/training/backend/src/dto/address.dto.ts": {"path":"/home/harsha/Desktop/training/backend/src/dto/address.dto.ts","statementMap":{"0":{"start":{"line":1,"column":0},"end":{"line":1,"column":55}},"1":{"start":{"line":4,"column":0},"end":{"line":4,"column":13}},"2":{"start":{"line":7,"column":2},"end":{"line":7,"column":null}},"3":{"start":{"line":10,"column":2},"end":{"line":10,"column":null}},"4":{"start":{"line":13,"column":0},"end":{"line":13,"column":13}},"5":{"start":{"line":15,"column":4},"end":{"line":15,"column":null}},"6":{"start":{"line":17,"column":4},"end":{"line":17,"column":null}}},"fnMap":{},"branchMap":{},"s":{"0":0,"1":0,"2":0,"3":0,"4":0,"5":0,"6":0},"f":{},"b":{}}
,"/home/harsha/Desktop/training/backend/src/dto/department.dto.ts": {"path":"/home/harsha/Desktop/training/backend/src/dto/department.dto.ts","statementMap":{"0":{"start":{"line":1,"column":0},"end":{"line":1,"column":null}},"1":{"start":{"line":7,"column":2},"end":{"line":7,"column":55}},"2":{"start":{"line":8,"column":2},"end":{"line":8,"column":43}},"3":{"start":{"line":9,"column":2},"end":{"line":9,"column":51}},"4":{"start":{"line":11,"column":2},"end":{"line":11,"column":15}},"5":{"start":{"line":14,"column":4},"end":{"line":14,"column":null}},"6":{"start":{"line":17,"column":2},"end":{"line":17,"column":15}},"7":{"start":{"line":20,"column":4},"end":{"line":20,"column":null}},"8":{"start":{"line":23,"column":2},"end":{"line":23,"column":15}},"9":{"start":{"line":26,"column":4},"end":{"line":26,"column":null}},"10":{"start":{"line":31,"column":4},"end":{"line":31,"column":null}},"11":{"start":{"line":30,"column":16},"end":{"line":30,"column":35}}},"fnMap":{"0":{"name":"(anonymous_3)","decl":{"start":{"line":30,"column":10},"end":{"line":30,"column":13}},"loc":{"start":{"line":30,"column":16},"end":{"line":30,"column":35}}}},"branchMap":{},"s":{"0":0,"1":0,"2":0,"3":0,"4":0,"5":0,"6":0,"7":0,"8":0,"9":0,"10":0,"11":0},"f":{"0":0},"b":{}}
,"/home/harsha/Desktop/training/backend/src/dto/employee.dto.ts": {"path":"/home/harsha/Desktop/training/backend/src/dto/employee.dto.ts","statementMap":{"0":{"start":{"line":2,"column":0},"end":{"line":2,"column":110}},"1":{"start":{"line":3,"column":0},"end":{"line":3,"column":25}},"2":{"start":{"line":4,"column":0},"end":{"line":4,"column":50}},"3":{"start":{"line":5,"column":0},"end":{"line":5,"column":47}},"4":{"start":{"line":6,"column":0},"end":{"line":6,"column":42}},"5":{"start":{"line":7,"column":0},"end":{"line":7,"column":53}},"6":{"start":{"line":8,"column":0},"end":{"line":8,"column":55}},"7":{"start":{"line":9,"column":0},"end":{"line":9,"column":49}},"8":{"start":{"line":11,"column":0},"end":{"line":11,"column":13}},"9":{"start":{"line":14,"column":2},"end":{"line":14,"column":null}},"10":{"start":{"line":19,"column":2},"end":{"line":19,"column":null}},"11":{"start":{"line":23,"column":2},"end":{"line":23,"column":null}},"12":{"start":{"line":27,"column":2},"end":{"line":27,"column":null}},"13":{"start":{"line":26,"column":14},"end":{"line":26,"column":30}},"14":{"start":{"line":32,"column":2},"end":{"line":32,"column":null}},"15":{"start":{"line":30,"column":14},"end":{"line":30,"column":33}},"16":{"start":{"line":36,"column":2},"end":{"line":36,"column":null}},"17":{"start":{"line":39,"column":2},"end":{"line":39,"column":null}},"18":{"start":{"line":41,"column":0},"end":{"line":41,"column":13}},"19":{"start":{"line":43,"column":4},"end":{"line":43,"column":null}}},"fnMap":{"0":{"name":"(anonymous_3)","decl":{"start":{"line":26,"column":8},"end":{"line":26,"column":11}},"loc":{"start":{"line":26,"column":14},"end":{"line":26,"column":30}}},"1":{"name":"(anonymous_4)","decl":{"start":{"line":30,"column":8},"end":{"line":30,"column":11}},"loc":{"start":{"line":30,"column":14},"end":{"line":30,"column":33}}}},"branchMap":{},"s":{"0":0,"1":0,"2":0,"3":0,"4":0,"5":0,"6":0,"7":0,"8":0,"9":0,"10":0,"11":0,"12":0,"13":0,"14":0,"15":0,"16":0,"17":0,"18":0,"19":0},"f":{"0":0,"1":0},"b":{}}
,"/home/harsha/Desktop/training/backend/src/dto/updateemployee.dto.ts": {"path":"/home/harsha/Desktop/training/backend/src/dto/updateemployee.dto.ts","statementMap":{"0":{"start":{"line":1,"column":0},"end":{"line":1,"column":130}},"1":{"start":{"line":3,"column":0},"end":{"line":3,"column":46}},"2":{"start":{"line":4,"column":0},"end":{"line":4,"column":40}},"3":{"start":{"line":5,"column":0},"end":{"line":5,"column":25}},"4":{"start":{"line":8,"column":0},"end":{"line":8,"column":13}},"5":{"start":{"line":12,"column":0},"end":{"line":12,"column":null}},"6":{"start":{"line":18,"column":0},"end":{"line":18,"column":null}},"7":{"start":{"line":22,"column":0},"end":{"line":22,"column":null}},"8":{"start":{"line":27,"column":0},"end":{"line":27,"column":null}},"9":{"start":{"line":26,"column":10},"end":{"line":26,"column":17}}},"fnMap":{"0":{"name":"(anonymous_3)","decl":{"start":{"line":26,"column":6},"end":{"line":26,"column":8}},"loc":{"start":{"line":26,"column":10},"end":{"line":26,"column":17}}}},"branchMap":{},"s":{"0":0,"1":0,"2":0,"3":0,"4":0,"5":0,"6":0,"7":0,"8":0,"9":0},"f":{"0":0},"b":{}}
,"/home/harsha/Desktop/training/backend/src/entity/abstract-entity.ts": {"path":"/home/harsha/Desktop/training/backend/src/entity/abstract-entity.ts","statementMap":{"0":{"start":{"line":1,"column":0},"end":{"line":1,"column":111}},"1":{"start":{"line":6,"column":4},"end":{"line":6,"column":null}},"2":{"start":{"line":9,"column":4},"end":{"line":9,"column":null}},"3":{"start":{"line":12,"column":4},"end":{"line":12,"column":null}},"4":{"start":{"line":15,"column":4},"end":{"line":15,"column":null}},"5":{"start":{"line":18,"column":0},"end":{"line":18,"column":30}}},"fnMap":{},"branchMap":{},"s":{"0":1,"1":1,"2":1,"3":1,"4":1,"5":1},"f":{},"b":{}}
,"/home/harsha/Desktop/training/backend/src/entity/address.entity.ts": {"path":"/home/harsha/Desktop/training/backend/src/entity/address.entity.ts","statementMap":{"0":{"start":{"line":1,"column":0},"end":{"line":1,"column":161}},"1":{"start":{"line":2,"column":0},"end":{"line":2,"column":47}},"2":{"start":{"line":3,"column":0},"end":{"line":3,"column":41}},"3":{"start":{"line":5,"column":0},"end":{"line":19,"column":null}},"4":{"start":{"line":8,"column":4},"end":{"line":8,"column":null}},"5":{"start":{"line":11,"column":4},"end":{"line":11,"column":null}},"6":{"start":{"line":17,"column":4},"end":{"line":17,"column":null}},"7":{"start":{"line":15,"column":20},"end":{"line":15,"column":28}},"8":{"start":{"line":15,"column":44},"end":{"line":15,"column":60}},"9":{"start":{"line":5,"column":6},"end":{"line":19,"column":null}},"10":{"start":{"line":21,"column":0},"end":{"line":21,"column":23}}},"fnMap":{"0":{"name":"(anonymous_3)","decl":{"start":{"line":15,"column":14},"end":{"line":15,"column":17}},"loc":{"start":{"line":15,"column":20},"end":{"line":15,"column":28}}},"1":{"name":"(anonymous_4)","decl":{"start":{"line":15,"column":30},"end":{"line":15,"column":31}},"loc":{"start":{"line":15,"column":44},"end":{"line":15,"column":60}}}},"branchMap":{},"s":{"0":1,"1":1,"2":1,"3":1,"4":1,"5":1,"6":1,"7":0,"8":0,"9":1,"10":1},"f":{"0":0,"1":0},"b":{}}
,"/home/harsha/Desktop/training/backend/src/entity/department.entity.ts": {"path":"/home/harsha/Desktop/training/backend/src/entity/department.entity.ts","statementMap":{"0":{"start":{"line":1,"column":0},"end":{"line":1,"column":60}},"1":{"start":{"line":2,"column":0},"end":{"line":2,"column":47}},"2":{"start":{"line":3,"column":0},"end":{"line":3,"column":41}},"3":{"start":{"line":8,"column":15},"end":{"line":14,"column":null}},"4":{"start":{"line":10,"column":2},"end":{"line":10,"column":null}},"5":{"start":{"line":13,"column":2},"end":{"line":13,"column":null}},"6":{"start":{"line":12,"column":19},"end":{"line":12,"column":27}},"7":{"start":{"line":12,"column":43},"end":{"line":12,"column":62}},"8":{"start":{"line":8,"column":21},"end":{"line":14,"column":null}},"9":{"start":{"line":8,"column":21},"end":{"line":8,"column":32}}},"fnMap":{"0":{"name":"(anonymous_3)","decl":{"start":{"line":12,"column":13},"end":{"line":12,"column":16}},"loc":{"start":{"line":12,"column":19},"end":{"line":12,"column":27}}},"1":{"name":"(anonymous_4)","decl":{"start":{"line":12,"column":29},"end":{"line":12,"column":30}},"loc":{"start":{"line":12,"column":43},"end":{"line":12,"column":62}}}},"branchMap":{},"s":{"0":1,"1":1,"2":1,"3":1,"4":1,"5":1,"6":0,"7":0,"8":1,"9":1},"f":{"0":0,"1":0},"b":{}}
,"/home/harsha/Desktop/training/backend/src/entity/employee.entity.ts": {"path":"/home/harsha/Desktop/training/backend/src/entity/employee.entity.ts","statementMap":{"0":{"start":{"line":1,"column":0},"end":{"line":1,"column":null}},"1":{"start":{"line":13,"column":0},"end":{"line":13,"column":47}},"2":{"start":{"line":14,"column":0},"end":{"line":14,"column":39}},"3":{"start":{"line":15,"column":0},"end":{"line":15,"column":42}},"4":{"start":{"line":16,"column":0},"end":{"line":16,"column":45}},"5":{"start":{"line":19,"column":0},"end":{"line":42,"column":null}},"6":{"start":{"line":21,"column":2},"end":{"line":21,"column":null}},"7":{"start":{"line":23,"column":2},"end":{"line":23,"column":null}},"8":{"start":{"line":26,"column":2},"end":{"line":26,"column":null}},"9":{"start":{"line":33,"column":2},"end":{"line":33,"column":null}},"10":{"start":{"line":28,"column":18},"end":{"line":28,"column":25}},"11":{"start":{"line":28,"column":40},"end":{"line":28,"column":56}},"12":{"start":{"line":36,"column":2},"end":{"line":36,"column":null}},"13":{"start":{"line":39,"column":2},"end":{"line":39,"column":null}},"14":{"start":{"line":41,"column":2},"end":{"line":41,"column":null}},"15":{"start":{"line":40,"column":19},"end":{"line":40,"column":29}},"16":{"start":{"line":40,"column":47},"end":{"line":40,"column":66}},"17":{"start":{"line":19,"column":6},"end":{"line":42,"column":null}},"18":{"start":{"line":45,"column":0},"end":{"line":45,"column":24}}},"fnMap":{"0":{"name":"(anonymous_3)","decl":{"start":{"line":28,"column":12},"end":{"line":28,"column":15}},"loc":{"start":{"line":28,"column":18},"end":{"line":28,"column":25}}},"1":{"name":"(anonymous_4)","decl":{"start":{"line":28,"column":27},"end":{"line":28,"column":28}},"loc":{"start":{"line":28,"column":40},"end":{"line":28,"column":56}}},"2":{"name":"(anonymous_5)","decl":{"start":{"line":40,"column":13},"end":{"line":40,"column":16}},"loc":{"start":{"line":40,"column":19},"end":{"line":40,"column":29}}},"3":{"name":"(anonymous_6)","decl":{"start":{"line":40,"column":31},"end":{"line":40,"column":32}},"loc":{"start":{"line":40,"column":47},"end":{"line":40,"column":66}}}},"branchMap":{},"s":{"0":1,"1":1,"2":1,"3":1,"4":1,"5":1,"6":1,"7":1,"8":1,"9":1,"10":0,"11":0,"12":1,"13":1,"14":1,"15":0,"16":0,"17":1,"18":1},"f":{"0":0,"1":0,"2":0,"3":0},"b":{}}
,"/home/harsha/Desktop/training/backend/src/exceptions/http.exceptions.ts": {"path":"/home/harsha/Desktop/training/backend/src/exceptions/http.exceptions.ts","statementMap":{"0":{"start":{"line":5,"column":6},"end":{"line":5,"column":21}},"1":{"start":{"line":6,"column":6},"end":{"line":6,"column":27}},"2":{"start":{"line":7,"column":6},"end":{"line":7,"column":39}},"3":{"start":{"line":7,"column":18},"end":{"line":7,"column":39}},"4":{"start":{"line":1,"column":0},"end":{"line":1,"column":21}}},"fnMap":{"0":{"name":"(anonymous_0)","decl":{"start":{"line":4,"column":4},"end":{"line":4,"column":16}},"loc":{"start":{"line":4,"column":66},"end":{"line":8,"column":5}}}},"branchMap":{"0":{"loc":{"start":{"line":7,"column":6},"end":{"line":7,"column":39}},"type":"if","locations":[{"start":{"line":7,"column":6},"end":{"line":7,"column":39}}]}},"s":{"0":1,"1":1,"2":1,"3":0,"4":1},"f":{"0":1},"b":{"0":[0]}}
,"/home/harsha/Desktop/training/backend/src/middleware/auth.middleware.ts": {"path":"/home/harsha/Desktop/training/backend/src/middleware/auth.middleware.ts","statementMap":{"0":{"start":{"line":2,"column":0},"end":{"line":2,"column":48}},"1":{"start":{"line":3,"column":0},"end":{"line":3,"column":35}},"2":{"start":{"line":7,"column":18},"end":{"line":30,"column":null}},"3":{"start":{"line":12,"column":4},"end":{"line":30,"column":null}},"4":{"start":{"line":14,"column":8},"end":{"line":27,"column":9}},"5":{"start":{"line":15,"column":24},"end":{"line":15,"column":54}},"6":{"start":{"line":16,"column":12},"end":{"line":16,"column":null}},"7":{"start":{"line":17,"column":27},"end":{"line":17,"column":52}},"8":{"start":{"line":18,"column":12},"end":{"line":18,"column":50}},"9":{"start":{"line":19,"column":12},"end":{"line":19,"column":52}},"10":{"start":{"line":20,"column":12},"end":{"line":20,"column":50}},"11":{"start":{"line":22,"column":12},"end":{"line":22,"column":26}},"12":{"start":{"line":26,"column":12},"end":{"line":26,"column":31}},"13":{"start":{"line":32,"column":40},"end":{"line":39,"column":13}},"14":{"start":{"line":34,"column":34},"end":{"line":34,"column":61}},"15":{"start":{"line":35,"column":16},"end":{"line":35,"column":58}},"16":{"start":{"line":36,"column":28},"end":{"line":36,"column":77}},"17":{"start":{"line":37,"column":16},"end":{"line":37,"column":52}},"18":{"start":{"line":38,"column":16},"end":{"line":38,"column":29}},"19":{"start":{"line":40,"column":0},"end":{"line":40,"column":25}}},"fnMap":{"0":{"name":"(anonymous_7)","decl":{"start":{"line":7,"column":18},"end":{"line":7,"column":null}},"loc":{"start":{"line":12,"column":4},"end":{"line":30,"column":null}}},"1":{"name":"(anonymous_8)","decl":{"start":{"line":12,"column":4},"end":{"line":12,"column":null}},"loc":{"start":{"line":12,"column":4},"end":{"line":30,"column":9}}},"2":{"name":"(anonymous_9)","decl":{"start":{"line":32,"column":40},"end":{"line":32,"column":41}},"loc":{"start":{"line":32,"column":64},"end":{"line":39,"column":13}}}},"branchMap":{"0":{"loc":{"start":{"line":36,"column":28},"end":{"line":36,"column":77}},"type":"cond-expr","locations":[{"start":{"line":36,"column":41},"end":{"line":36,"column":74}},{"start":{"line":36,"column":75},"end":{"line":36,"column":77}}]}},"s":{"0":0,"1":0,"2":0,"3":0,"4":0,"5":0,"6":0,"7":0,"8":0,"9":0,"10":0,"11":0,"12":0,"13":0,"14":0,"15":0,"16":0,"17":0,"18":0,"19":0},"f":{"0":0,"1":0,"2":0},"b":{"0":[0,0]}}
,"/home/harsha/Desktop/training/backend/src/middleware/error.middleware.ts": {"path":"/home/harsha/Desktop/training/backend/src/middleware/error.middleware.ts","statementMap":{"0":{"start":{"line":2,"column":0},"end":{"line":2,"column":58}},"1":{"start":{"line":5,"column":24},"end":{"line":24,"column":1}},"2":{"start":{"line":11,"column":4},"end":{"line":23,"column":5}},"3":{"start":{"line":12,"column":8},"end":{"line":20,"column":9}},"4":{"start":{"line":13,"column":35},"end":{"line":13,"column":54}},"5":{"start":{"line":14,"column":36},"end":{"line":14,"column":75}},"6":{"start":{"line":15,"column":27},"end":{"line":15,"column":47}},"7":{"start":{"line":16,"column":12},"end":{"line":16,"column":46}},"8":{"start":{"line":18,"column":12},"end":{"line":18,"column":39}},"9":{"start":{"line":19,"column":12},"end":{"line":19,"column":59}},"10":{"start":{"line":22,"column":8},"end":{"line":22,"column":20}},"11":{"start":{"line":26,"column":0},"end":{"line":26,"column":31}}},"fnMap":{"0":{"name":"(anonymous_1)","decl":{"start":{"line":5,"column":24},"end":{"line":5,"column":null}},"loc":{"start":{"line":10,"column":4},"end":{"line":24,"column":1}}}},"branchMap":{"0":{"loc":{"start":{"line":12,"column":8},"end":{"line":20,"column":9}},"type":"if","locations":[{"start":{"line":12,"column":8},"end":{"line":20,"column":9}},{"start":{"line":17,"column":15},"end":{"line":20,"column":9}}]},"1":{"loc":{"start":{"line":13,"column":35},"end":{"line":13,"column":54}},"type":"binary-expr","locations":[{"start":{"line":13,"column":35},"end":{"line":13,"column":47}},{"start":{"line":13,"column":51},"end":{"line":13,"column":54}}]},"2":{"loc":{"start":{"line":14,"column":36},"end":{"line":14,"column":75}},"type":"binary-expr","locations":[{"start":{"line":14,"column":36},"end":{"line":14,"column":49}},{"start":{"line":14,"column":53},"end":{"line":14,"column":75}}]}},"s":{"0":0,"1":0,"2":0,"3":0,"4":0,"5":0,"6":0,"7":0,"8":0,"9":0,"10":0,"11":0},"f":{"0":0},"b":{"0":[0,0],"1":[0,0],"2":[0,0]}}
,"/home/harsha/Desktop/training/backend/src/middleware/logger.mIddleware.ts": {"path":"/home/harsha/Desktop/training/backend/src/middleware/logger.mIddleware.ts","statementMap":{"0":{"start":{"line":1,"column":25},"end":{"line":4,"column":1}},"1":{"start":{"line":2,"column":4},"end":{"line":2,"column":74}},"2":{"start":{"line":3,"column":4},"end":{"line":3,"column":11}},"3":{"start":{"line":6,"column":0},"end":{"line":6,"column":32}}},"fnMap":{"0":{"name":"(anonymous_0)","decl":{"start":{"line":1,"column":25},"end":{"line":1,"column":26}},"loc":{"start":{"line":1,"column":44},"end":{"line":4,"column":1}}}},"branchMap":{},"s":{"0":0,"1":0,"2":0,"3":0},"f":{"0":0},"b":{}}
,"/home/harsha/Desktop/training/backend/src/repository/department.repository.ts": {"path":"/home/harsha/Desktop/training/backend/src/repository/department.repository.ts","statementMap":{"0":{"start":{"line":5,"column":22},"end":{"line":5,"column":66}},"1":{"start":{"line":9,"column":2},"end":{"line":9,"column":60}},"2":{"start":{"line":9,"column":20},"end":{"line":9,"column":60}},"3":{"start":{"line":9,"column":21},"end":{"line":9,"column":60}},"4":{"start":{"line":11,"column":2},"end":{"line":15,"column":7}},"5":{"start":{"line":11,"column":74},"end":{"line":15,"column":7}},"6":{"start":{"line":12,"column":4},"end":{"line":15,"column":7}},"7":{"start":{"line":17,"column":2},"end":{"line":18,"column":53}},"8":{"start":{"line":17,"column":42},"end":{"line":18,"column":53}},"9":{"start":{"line":18,"column":4},"end":{"line":18,"column":53}},"10":{"start":{"line":20,"column":2},"end":{"line":22,"column":63}},"11":{"start":{"line":20,"column":65},"end":{"line":22,"column":63}},"12":{"start":{"line":22,"column":4},"end":{"line":22,"column":63}},"13":{"start":{"line":24,"column":2},"end":{"line":25,"column":59}},"14":{"start":{"line":24,"column":44},"end":{"line":25,"column":59}},"15":{"start":{"line":25,"column":4},"end":{"line":25,"column":59}},"16":{"start":{"line":6,"column":4},"end":{"line":6,"column":53}},"17":{"start":{"line":4,"column":0},"end":{"line":4,"column":21}}},"fnMap":{"0":{"name":"(anonymous_7)","decl":{"start":{"line":5,"column":2},"end":{"line":5,"column":22}},"loc":{"start":{"line":5,"column":66},"end":{"line":7,"column":3}}},"1":{"name":"(anonymous_8)","decl":{"start":{"line":9,"column":9},"end":{"line":9,"column":18}},"loc":{"start":{"line":9,"column":20},"end":{"line":9,"column":60}}},"2":{"name":"(anonymous_9)","decl":{"start":{"line":9,"column":20},"end":{"line":9,"column":21}},"loc":{"start":{"line":9,"column":20},"end":{"line":9,"column":60}}},"3":{"name":"(anonymous_10)","decl":{"start":{"line":11,"column":14},"end":{"line":11,"column":21}},"loc":{"start":{"line":11,"column":74},"end":{"line":15,"column":7}}},"4":{"name":"(anonymous_11)","decl":{"start":{"line":11,"column":74},"end":{"line":11,"column":null}},"loc":{"start":{"line":11,"column":74},"end":{"line":15,"column":7}}},"5":{"name":"(anonymous_12)","decl":{"start":{"line":17,"column":9},"end":{"line":17,"column":16}},"loc":{"start":{"line":17,"column":42},"end":{"line":18,"column":53}}},"6":{"name":"(anonymous_13)","decl":{"start":{"line":17,"column":42},"end":{"line":17,"column":null}},"loc":{"start":{"line":17,"column":42},"end":{"line":18,"column":53}}},"7":{"name":"(anonymous_14)","decl":{"start":{"line":20,"column":11},"end":{"line":20,"column":18}},"loc":{"start":{"line":20,"column":65},"end":{"line":22,"column":63}}},"8":{"name":"(anonymous_15)","decl":{"start":{"line":20,"column":65},"end":{"line":20,"column":null}},"loc":{"start":{"line":20,"column":65},"end":{"line":22,"column":63}}},"9":{"name":"(anonymous_16)","decl":{"start":{"line":24,"column":11},"end":{"line":24,"column":18}},"loc":{"start":{"line":24,"column":44},"end":{"line":25,"column":59}}},"10":{"name":"(anonymous_17)","decl":{"start":{"line":24,"column":44},"end":{"line":24,"column":null}},"loc":{"start":{"line":24,"column":44},"end":{"line":25,"column":59}}}},"branchMap":{},"s":{"0":1,"1":1,"2":0,"3":0,"4":1,"5":0,"6":0,"7":1,"8":0,"9":0,"10":1,"11":0,"12":0,"13":1,"14":0,"15":0,"16":1,"17":1},"f":{"0":1,"1":0,"2":0,"3":0,"4":0,"5":0,"6":0,"7":0,"8":0,"9":0,"10":0},"b":{}}
,"/home/harsha/Desktop/training/backend/src/repository/employee.repository.ts": {"path":"/home/harsha/Desktop/training/backend/src/repository/employee.repository.ts","statementMap":{"0":{"start":{"line":10,"column":24},"end":{"line":10,"column":64}},"1":{"start":{"line":16,"column":7},"end":{"line":18,"column":null}},"2":{"start":{"line":16,"column":41},"end":{"line":18,"column":null}},"3":{"start":{"line":18,"column":4},"end":{"line":18,"column":78}},"4":{"start":{"line":20,"column":7},"end":{"line":26,"column":null}},"5":{"start":{"line":20,"column":68},"end":{"line":26,"column":null}},"6":{"start":{"line":23,"column":25},"end":{"line":23,"column":107}},"7":{"start":{"line":25,"column":8},"end":{"line":25,"column":24}},"8":{"start":{"line":32,"column":7},"end":{"line":38,"column":null}},"9":{"start":{"line":32,"column":59},"end":{"line":38,"column":null}},"10":{"start":{"line":35,"column":26},"end":{"line":35,"column":73}},"11":{"start":{"line":36,"column":4},"end":{"line":36,"column":25}},"12":{"start":{"line":41,"column":7},"end":{"line":47,"column":null}},"13":{"start":{"line":41,"column":67},"end":{"line":47,"column":null}},"14":{"start":{"line":44,"column":28},"end":{"line":44,"column":72}},"15":{"start":{"line":45,"column":0},"end":{"line":45,"column":23}},"16":{"start":{"line":51,"column":7},"end":{"line":56,"column":null}},"17":{"start":{"line":51,"column":46},"end":{"line":56,"column":null}},"18":{"start":{"line":54,"column":4},"end":{"line":54,"column":47}},"19":{"start":{"line":57,"column":7},"end":{"line":62,"column":null}},"20":{"start":{"line":57,"column":50},"end":{"line":62,"column":null}},"21":{"start":{"line":58,"column":25},"end":{"line":58,"column":45}},"22":{"start":{"line":60,"column":8},"end":{"line":60,"column":55}},"23":{"start":{"line":6,"column":0},"end":{"line":6,"column":13}}},"fnMap":{"0":{"name":"(anonymous_7)","decl":{"start":{"line":10,"column":4},"end":{"line":10,"column":24}},"loc":{"start":{"line":10,"column":64},"end":{"line":13,"column":5}}},"1":{"name":"(anonymous_8)","decl":{"start":{"line":16,"column":12},"end":{"line":16,"column":39}},"loc":{"start":{"line":16,"column":41},"end":{"line":18,"column":null}}},"2":{"name":"(anonymous_9)","decl":{"start":{"line":16,"column":41},"end":{"line":16,"column":null}},"loc":{"start":{"line":16,"column":41},"end":{"line":18,"column":79}}},"3":{"name":"(anonymous_10)","decl":{"start":{"line":20,"column":17},"end":{"line":20,"column":23}},"loc":{"start":{"line":20,"column":68},"end":{"line":26,"column":null}}},"4":{"name":"(anonymous_11)","decl":{"start":{"line":20,"column":68},"end":{"line":20,"column":null}},"loc":{"start":{"line":20,"column":68},"end":{"line":26,"column":1}}},"5":{"name":"(anonymous_12)","decl":{"start":{"line":32,"column":12},"end":{"line":32,"column":18}},"loc":{"start":{"line":32,"column":59},"end":{"line":38,"column":null}}},"6":{"name":"(anonymous_13)","decl":{"start":{"line":32,"column":59},"end":{"line":32,"column":null}},"loc":{"start":{"line":32,"column":59},"end":{"line":38,"column":1}}},"7":{"name":"(anonymous_14)","decl":{"start":{"line":41,"column":14},"end":{"line":41,"column":20}},"loc":{"start":{"line":41,"column":67},"end":{"line":47,"column":null}}},"8":{"name":"(anonymous_15)","decl":{"start":{"line":41,"column":67},"end":{"line":41,"column":null}},"loc":{"start":{"line":41,"column":67},"end":{"line":47,"column":1}}},"9":{"name":"(anonymous_16)","decl":{"start":{"line":51,"column":14},"end":{"line":51,"column":20}},"loc":{"start":{"line":51,"column":46},"end":{"line":56,"column":null}}},"10":{"name":"(anonymous_17)","decl":{"start":{"line":51,"column":46},"end":{"line":51,"column":null}},"loc":{"start":{"line":51,"column":46},"end":{"line":56,"column":1}}},"11":{"name":"(anonymous_18)","decl":{"start":{"line":57,"column":18},"end":{"line":57,"column":24}},"loc":{"start":{"line":57,"column":50},"end":{"line":62,"column":null}}},"12":{"name":"(anonymous_19)","decl":{"start":{"line":57,"column":50},"end":{"line":57,"column":null}},"loc":{"start":{"line":57,"column":50},"end":{"line":62,"column":5}}}},"branchMap":{},"s":{"0":1,"1":1,"2":0,"3":0,"4":1,"5":0,"6":0,"7":0,"8":1,"9":0,"10":0,"11":0,"12":1,"13":0,"14":0,"15":0,"16":1,"17":0,"18":0,"19":1,"20":0,"21":0,"22":0,"23":1},"f":{"0":1,"1":0,"2":0,"3":0,"4":0,"5":0,"6":0,"7":0,"8":0,"9":0,"10":0,"11":0,"12":0},"b":{}}
,"/home/harsha/Desktop/training/backend/src/routes/department.routes.ts": {"path":"/home/harsha/Desktop/training/backend/src/routes/department.routes.ts","statementMap":{"0":{"start":{"line":1,"column":0},"end":{"line":1,"column":71}},"1":{"start":{"line":2,"column":0},"end":{"line":2,"column":46}},"2":{"start":{"line":3,"column":0},"end":{"line":3,"column":53}},"3":{"start":{"line":4,"column":0},"end":{"line":4,"column":71}},"4":{"start":{"line":5,"column":0},"end":{"line":5,"column":66}},"5":{"start":{"line":7,"column":29},"end":{"line":10,"column":null}},"6":{"start":{"line":13,"column":27},"end":{"line":13,"column":54}},"7":{"start":{"line":14,"column":0},"end":{"line":14,"column":null}}},"fnMap":{},"branchMap":{},"s":{"0":0,"1":0,"2":0,"3":0,"4":0,"5":0,"6":0,"7":0},"f":{},"b":{}}
,"/home/harsha/Desktop/training/backend/src/routes/employee.routes.ts": {"path":"/home/harsha/Desktop/training/backend/src/routes/employee.routes.ts","statementMap":{"0":{"start":{"line":4,"column":0},"end":{"line":4,"column":67}},"1":{"start":{"line":5,"column":0},"end":{"line":5,"column":46}},"2":{"start":{"line":6,"column":0},"end":{"line":6,"column":53}},"3":{"start":{"line":7,"column":0},"end":{"line":7,"column":49}},"4":{"start":{"line":8,"column":0},"end":{"line":8,"column":71}},"5":{"start":{"line":9,"column":0},"end":{"line":9,"column":71}},"6":{"start":{"line":10,"column":0},"end":{"line":10,"column":58}},"7":{"start":{"line":12,"column":27},"end":{"line":16,"column":null}},"8":{"start":{"line":18,"column":23},"end":{"line":18,"column":48}},"9":{"start":{"line":20,"column":0},"end":{"line":20,"column":30}}},"fnMap":{},"branchMap":{},"s":{"0":0,"1":0,"2":0,"3":0,"4":0,"5":0,"6":0,"7":0,"8":0,"9":0},"f":{},"b":{}}
,"/home/harsha/Desktop/training/backend/src/service/department.service.ts": {"path":"/home/harsha/Desktop/training/backend/src/service/department.service.ts","statementMap":{"0":{"start":{"line":1,"column":0},"end":{"line":1,"column":58}},"1":{"start":{"line":3,"column":0},"end":{"line":3,"column":53}},"2":{"start":{"line":5,"column":22},"end":{"line":5,"column":64}},"3":{"start":{"line":9,"column":9},"end":{"line":9,"column":74}},"4":{"start":{"line":9,"column":40},"end":{"line":9,"column":74}},"5":{"start":{"line":9,"column":41},"end":{"line":9,"column":74}},"6":{"start":{"line":11,"column":9},"end":{"line":12,"column":62}},"7":{"start":{"line":11,"column":50},"end":{"line":12,"column":62}},"8":{"start":{"line":12,"column":4},"end":{"line":12,"column":62}},"9":{"start":{"line":14,"column":9},"end":{"line":18,"column":4}},"10":{"start":{"line":14,"column":54},"end":{"line":18,"column":4}},"11":{"start":{"line":15,"column":26},"end":{"line":15,"column":42}},"12":{"start":{"line":16,"column":4},"end":{"line":16,"column":30}},"13":{"start":{"line":17,"column":4},"end":{"line":17,"column":56}},"14":{"start":{"line":20,"column":9},"end":{"line":29,"column":4}},"15":{"start":{"line":23,"column":6},"end":{"line":29,"column":4}},"16":{"start":{"line":24,"column":27},"end":{"line":24,"column":59}},"17":{"start":{"line":25,"column":4},"end":{"line":27,"column":5}},"18":{"start":{"line":26,"column":6},"end":{"line":26,"column":59}},"19":{"start":{"line":28,"column":4},"end":{"line":28,"column":59}},"20":{"start":{"line":31,"column":9},"end":{"line":40,"column":4}},"21":{"start":{"line":31,"column":49},"end":{"line":40,"column":4}},"22":{"start":{"line":32,"column":27},"end":{"line":32,"column":59}},"23":{"start":{"line":33,"column":4},"end":{"line":35,"column":5}},"24":{"start":{"line":34,"column":6},"end":{"line":34,"column":59}},"25":{"start":{"line":36,"column":4},"end":{"line":38,"column":5}},"26":{"start":{"line":37,"column":6},"end":{"line":37,"column":63}},"27":{"start":{"line":39,"column":4},"end":{"line":39,"column":53}},"28":{"start":{"line":6,"column":4},"end":{"line":6,"column":53}},"29":{"start":{"line":4,"column":0},"end":{"line":4,"column":13}}},"fnMap":{"0":{"name":"(anonymous_8)","decl":{"start":{"line":5,"column":2},"end":{"line":5,"column":22}},"loc":{"start":{"line":5,"column":64},"end":{"line":7,"column":3}}},"1":{"name":"(anonymous_9)","decl":{"start":{"line":9,"column":29},"end":{"line":9,"column":38}},"loc":{"start":{"line":9,"column":40},"end":{"line":9,"column":74}}},"2":{"name":"(anonymous_10)","decl":{"start":{"line":9,"column":40},"end":{"line":9,"column":41}},"loc":{"start":{"line":9,"column":40},"end":{"line":9,"column":74}}},"3":{"name":"(anonymous_11)","decl":{"start":{"line":11,"column":29},"end":{"line":11,"column":36}},"loc":{"start":{"line":11,"column":50},"end":{"line":12,"column":62}}},"4":{"name":"(anonymous_12)","decl":{"start":{"line":11,"column":50},"end":{"line":11,"column":null}},"loc":{"start":{"line":11,"column":50},"end":{"line":12,"column":62}}},"5":{"name":"(anonymous_13)","decl":{"start":{"line":14,"column":31},"end":{"line":14,"column":38}},"loc":{"start":{"line":14,"column":54},"end":{"line":18,"column":4}}},"6":{"name":"(anonymous_14)","decl":{"start":{"line":14,"column":54},"end":{"line":14,"column":null}},"loc":{"start":{"line":14,"column":54},"end":{"line":18,"column":3}}},"7":{"name":"(anonymous_15)","decl":{"start":{"line":20,"column":28},"end":{"line":20,"column":null}},"loc":{"start":{"line":23,"column":6},"end":{"line":29,"column":4}}},"8":{"name":"(anonymous_16)","decl":{"start":{"line":23,"column":6},"end":{"line":23,"column":null}},"loc":{"start":{"line":23,"column":6},"end":{"line":29,"column":3}}},"9":{"name":"(anonymous_17)","decl":{"start":{"line":31,"column":28},"end":{"line":31,"column":35}},"loc":{"start":{"line":31,"column":49},"end":{"line":40,"column":4}}},"10":{"name":"(anonymous_18)","decl":{"start":{"line":31,"column":49},"end":{"line":31,"column":null}},"loc":{"start":{"line":31,"column":49},"end":{"line":40,"column":3}}}},"branchMap":{"0":{"loc":{"start":{"line":25,"column":4},"end":{"line":27,"column":5}},"type":"if","locations":[{"start":{"line":25,"column":4},"end":{"line":27,"column":5}}]},"1":{"loc":{"start":{"line":33,"column":4},"end":{"line":35,"column":5}},"type":"if","locations":[{"start":{"line":33,"column":4},"end":{"line":35,"column":5}}]},"2":{"loc":{"start":{"line":36,"column":4},"end":{"line":38,"column":5}},"type":"if","locations":[{"start":{"line":36,"column":4},"end":{"line":38,"column":5}}]}},"s":{"0":0,"1":0,"2":0,"3":0,"4":0,"5":0,"6":0,"7":0,"8":0,"9":0,"10":0,"11":0,"12":0,"13":0,"14":0,"15":0,"16":0,"17":0,"18":0,"19":0,"20":0,"21":0,"22":0,"23":0,"24":0,"25":0,"26":0,"27":0,"28":0,"29":0},"f":{"0":0,"1":0,"2":0,"3":0,"4":0,"5":0,"6":0,"7":0,"8":0,"9":0,"10":0},"b":{"0":[0],"1":[0],"2":[0]}}
,"/home/harsha/Desktop/training/backend/src/service/employee.service.ts": {"path":"/home/harsha/Desktop/training/backend/src/service/employee.service.ts","statementMap":{"0":{"start":{"line":2,"column":0},"end":{"line":2,"column":49}},"1":{"start":{"line":3,"column":0},"end":{"line":3,"column":58}},"2":{"start":{"line":6,"column":0},"end":{"line":6,"column":38}},"3":{"start":{"line":7,"column":0},"end":{"line":7,"column":56}},"4":{"start":{"line":8,"column":0},"end":{"line":8,"column":62}},"5":{"start":{"line":15,"column":12},"end":{"line":15,"column":50}},"6":{"start":{"line":16,"column":12},"end":{"line":16,"column":54}},"7":{"start":{"line":23,"column":9},"end":{"line":26,"column":4}},"8":{"start":{"line":23,"column":59},"end":{"line":26,"column":4}},"9":{"start":{"line":25,"column":4},"end":{"line":25,"column":42}},"10":{"start":{"line":28,"column":2},"end":{"line":34,"column":4}},"11":{"start":{"line":28,"column":41},"end":{"line":34,"column":4}},"12":{"start":{"line":29,"column":22},"end":{"line":29,"column":69}},"13":{"start":{"line":30,"column":4},"end":{"line":32,"column":5}},"14":{"start":{"line":31,"column":6},"end":{"line":31,"column":57}},"15":{"start":{"line":33,"column":4},"end":{"line":33,"column":21}},"16":{"start":{"line":37,"column":9},"end":{"line":61,"column":4}},"17":{"start":{"line":45,"column":6},"end":{"line":61,"column":4}},"18":{"start":{"line":46,"column":27},"end":{"line":48,"column":6}},"19":{"start":{"line":49,"column":4},"end":{"line":51,"column":5}},"20":{"start":{"line":50,"column":6},"end":{"line":50,"column":59}},"21":{"start":{"line":52,"column":24},"end":{"line":52,"column":38}},"22":{"start":{"line":53,"column":4},"end":{"line":53,"column":28}},"23":{"start":{"line":54,"column":4},"end":{"line":54,"column":30}},"24":{"start":{"line":55,"column":4},"end":{"line":55,"column":26}},"25":{"start":{"line":56,"column":4},"end":{"line":56,"column":34}},"26":{"start":{"line":57,"column":4},"end":{"line":57,"column":52}},"27":{"start":{"line":58,"column":4},"end":{"line":58,"column":28}},"28":{"start":{"line":59,"column":4},"end":{"line":59,"column":44}},"29":{"start":{"line":60,"column":4},"end":{"line":60,"column":59}},"30":{"start":{"line":75,"column":9},"end":{"line":84,"column":4}},"31":{"start":{"line":75,"column":76},"end":{"line":84,"column":4}},"32":{"start":{"line":76,"column":25},"end":{"line":76,"column":55}},"33":{"start":{"line":77,"column":4},"end":{"line":79,"column":5}},"34":{"start":{"line":78,"column":6},"end":{"line":78,"column":57}},"35":{"start":{"line":80,"column":4},"end":{"line":82,"column":5}},"36":{"start":{"line":81,"column":6},"end":{"line":81,"column":23}},"37":{"start":{"line":83,"column":4},"end":{"line":83,"column":51}},"38":{"start":{"line":96,"column":9},"end":{"line":102,"column":4}},"39":{"start":{"line":96,"column":47},"end":{"line":102,"column":4}},"40":{"start":{"line":97,"column":25},"end":{"line":97,"column":55}},"41":{"start":{"line":98,"column":4},"end":{"line":100,"column":5}},"42":{"start":{"line":99,"column":6},"end":{"line":99,"column":57}},"43":{"start":{"line":101,"column":4},"end":{"line":101,"column":43}},"44":{"start":{"line":105,"column":2},"end":{"line":125,"column":4}},"45":{"start":{"line":105,"column":60},"end":{"line":125,"column":4}},"46":{"start":{"line":106,"column":21},"end":{"line":106,"column":71}},"47":{"start":{"line":108,"column":4},"end":{"line":110,"column":5}},"48":{"start":{"line":109,"column":6},"end":{"line":109,"column":58}},"49":{"start":{"line":111,"column":19},"end":{"line":111,"column":68}},"50":{"start":{"line":112,"column":4},"end":{"line":114,"column":5}},"51":{"start":{"line":113,"column":6},"end":{"line":113,"column":51}},"52":{"start":{"line":116,"column":32},"end":{"line":120,"column":6}},"53":{"start":{"line":121,"column":18},"end":{"line":123,"column":6}},"54":{"start":{"line":124,"column":4},"end":{"line":124,"column":17}},"55":{"start":{"line":18,"column":4},"end":{"line":18,"column":49}},"56":{"start":{"line":19,"column":4},"end":{"line":19,"column":53}},"57":{"start":{"line":12,"column":0},"end":{"line":12,"column":13}},"58":{"start":{"line":127,"column":0},"end":{"line":127,"column":31}}},"fnMap":{"0":{"name":"(anonymous_14)","decl":{"start":{"line":14,"column":2},"end":{"line":14,"column":null}},"loc":{"start":{"line":16,"column":54},"end":{"line":20,"column":3}}},"1":{"name":"(anonymous_15)","decl":{"start":{"line":23,"column":27},"end":{"line":23,"column":57}},"loc":{"start":{"line":23,"column":59},"end":{"line":26,"column":4}}},"2":{"name":"(anonymous_16)","decl":{"start":{"line":23,"column":59},"end":{"line":23,"column":null}},"loc":{"start":{"line":23,"column":59},"end":{"line":26,"column":3}}},"3":{"name":"(anonymous_17)","decl":{"start":{"line":28,"column":20},"end":{"line":28,"column":27}},"loc":{"start":{"line":28,"column":41},"end":{"line":34,"column":4}}},"4":{"name":"(anonymous_18)","decl":{"start":{"line":28,"column":41},"end":{"line":28,"column":null}},"loc":{"start":{"line":28,"column":41},"end":{"line":34,"column":3}}},"5":{"name":"(anonymous_19)","decl":{"start":{"line":37,"column":29},"end":{"line":37,"column":null}},"loc":{"start":{"line":45,"column":6},"end":{"line":61,"column":4}}},"6":{"name":"(anonymous_20)","decl":{"start":{"line":45,"column":6},"end":{"line":45,"column":null}},"loc":{"start":{"line":45,"column":6},"end":{"line":61,"column":3}}},"7":{"name":"(anonymous_21)","decl":{"start":{"line":75,"column":26},"end":{"line":75,"column":33}},"loc":{"start":{"line":75,"column":76},"end":{"line":84,"column":4}}},"8":{"name":"(anonymous_22)","decl":{"start":{"line":75,"column":76},"end":{"line":75,"column":null}},"loc":{"start":{"line":75,"column":76},"end":{"line":84,"column":3}}},"9":{"name":"(anonymous_23)","decl":{"start":{"line":96,"column":26},"end":{"line":96,"column":33}},"loc":{"start":{"line":96,"column":47},"end":{"line":102,"column":4}}},"10":{"name":"(anonymous_24)","decl":{"start":{"line":96,"column":47},"end":{"line":96,"column":null}},"loc":{"start":{"line":96,"column":47},"end":{"line":102,"column":3}}},"11":{"name":"(anonymous_25)","decl":{"start":{"line":105,"column":18},"end":{"line":105,"column":25}},"loc":{"start":{"line":105,"column":60},"end":{"line":125,"column":4}}},"12":{"name":"(anonymous_26)","decl":{"start":{"line":105,"column":60},"end":{"line":105,"column":null}},"loc":{"start":{"line":105,"column":60},"end":{"line":125,"column":3}}}},"branchMap":{"0":{"loc":{"start":{"line":30,"column":4},"end":{"line":32,"column":5}},"type":"if","locations":[{"start":{"line":30,"column":4},"end":{"line":32,"column":5}}]},"1":{"loc":{"start":{"line":49,"column":4},"end":{"line":51,"column":5}},"type":"if","locations":[{"start":{"line":49,"column":4},"end":{"line":51,"column":5}}]},"2":{"loc":{"start":{"line":77,"column":4},"end":{"line":79,"column":5}},"type":"if","locations":[{"start":{"line":77,"column":4},"end":{"line":79,"column":5}}]},"3":{"loc":{"start":{"line":80,"column":4},"end":{"line":82,"column":5}},"type":"if","locations":[{"start":{"line":80,"column":4},"end":{"line":82,"column":5}}]},"4":{"loc":{"start":{"line":98,"column":4},"end":{"line":100,"column":5}},"type":"if","locations":[{"start":{"line":98,"column":4},"end":{"line":100,"column":5}}]},"5":{"loc":{"start":{"line":108,"column":4},"end":{"line":110,"column":5}},"type":"if","locations":[{"start":{"line":108,"column":4},"end":{"line":110,"column":5}}]},"6":{"loc":{"start":{"line":112,"column":4},"end":{"line":114,"column":5}},"type":"if","locations":[{"start":{"line":112,"column":4},"end":{"line":114,"column":5}}]}},"s":{"0":1,"1":1,"2":1,"3":1,"4":1,"5":1,"6":1,"7":1,"8":1,"9":1,"10":1,"11":1,"12":1,"13":1,"14":1,"15":0,"16":1,"17":0,"18":0,"19":0,"20":0,"21":0,"22":0,"23":0,"24":0,"25":0,"26":0,"27":0,"28":0,"29":0,"30":1,"31":0,"32":0,"33":0,"34":0,"35":0,"36":0,"37":0,"38":1,"39":0,"40":0,"41":0,"42":0,"43":0,"44":1,"45":0,"46":0,"47":0,"48":0,"49":0,"50":0,"51":0,"52":0,"53":0,"54":0,"55":1,"56":1,"57":1,"58":1},"f":{"0":1,"1":1,"2":1,"3":1,"4":1,"5":0,"6":0,"7":0,"8":0,"9":0,"10":0,"11":0,"12":0},"b":{"0":[1],"1":[0],"2":[0],"3":[0],"4":[0],"5":[0],"6":[0]}}
,"/home/harsha/Desktop/training/backend/src/utils/constants.ts": {"path":"/home/harsha/Desktop/training/backend/src/utils/constants.ts","statementMap":{"0":{"start":{"line":1,"column":13},"end":{"line":1,"column":45}},"1":{"start":{"line":2,"column":13},"end":{"line":2,"column":32}}},"fnMap":{},"branchMap":{},"s":{"0":1,"1":1},"f":{},"b":{}}
,"/home/harsha/Desktop/training/backend/src/utils/errorFormatter.util.ts": {"path":"/home/harsha/Desktop/training/backend/src/utils/errorFormatter.util.ts","statementMap":{"0":{"start":{"line":3,"column":30},"end":{"line":16,"column":1}},"1":{"start":{"line":4,"column":23},"end":{"line":4,"column":25}},"2":{"start":{"line":5,"column":20},"end":{"line":5,"column":22}},"3":{"start":{"line":7,"column":2},"end":{"line":14,"column":6}},"4":{"start":{"line":8,"column":4},"end":{"line":10,"column":6}},"5":{"start":{"line":9,"column":27},"end":{"line":9,"column":56}},"6":{"start":{"line":11,"column":7},"end":{"line":14,"column":6}},"7":{"start":{"line":12,"column":4},"end":{"line":14,"column":6}},"8":{"start":{"line":13,"column":27},"end":{"line":13,"column":56}},"9":{"start":{"line":15,"column":2},"end":{"line":15,"column":45}},"10":{"start":{"line":3,"column":13},"end":{"line":3,"column":30}}},"fnMap":{"0":{"name":"(anonymous_0)","decl":{"start":{"line":3,"column":30},"end":{"line":3,"column":31}},"loc":{"start":{"line":3,"column":60},"end":{"line":16,"column":1}}},"1":{"name":"(anonymous_1)","decl":{"start":{"line":9,"column":6},"end":{"line":9,"column":7}},"loc":{"start":{"line":9,"column":27},"end":{"line":9,"column":56}}},"2":{"name":"(anonymous_2)","decl":{"start":{"line":13,"column":6},"end":{"line":13,"column":7}},"loc":{"start":{"line":13,"column":27},"end":{"line":13,"column":56}}}},"branchMap":{"0":{"loc":{"start":{"line":7,"column":2},"end":{"line":14,"column":6}},"type":"if","locations":[{"start":{"line":7,"column":2},"end":{"line":14,"column":6}},{"start":{"line":11,"column":7},"end":{"line":14,"column":6}}]},"1":{"loc":{"start":{"line":11,"column":7},"end":{"line":14,"column":6}},"type":"if","locations":[{"start":{"line":11,"column":7},"end":{"line":14,"column":6}}]}},"s":{"0":0,"1":0,"2":0,"3":0,"4":0,"5":0,"6":0,"7":0,"8":0,"9":0,"10":0},"f":{"0":0,"1":0,"2":0},"b":{"0":[0,0],"1":[0]}}
,"/home/harsha/Desktop/training/backend/src/utils/role.enum.ts": {"path":"/home/harsha/Desktop/training/backend/src/utils/role.enum.ts","statementMap":{"0":{"start":{"line":1,"column":0},"end":{"line":1,"column":null}},"1":{"start":{"line":2,"column":4},"end":{"line":2,"column":null}},"2":{"start":{"line":3,"column":4},"end":{"line":3,"column":null}},"3":{"start":{"line":4,"column":4},"end":{"line":4,"column":null}},"4":{"start":{"line":5,"column":4},"end":{"line":5,"column":null}}},"fnMap":{"0":{"name":"(anonymous_0)","decl":{"start":{"line":1,"column":0},"end":{"line":1,"column":12}},"loc":{"start":{"line":1,"column":16},"end":{"line":6,"column":1}}}},"branchMap":{"0":{"loc":{"start":{"line":1,"column":12},"end":{"line":1,"column":null}},"type":"binary-expr","locations":[{"start":{"line":1,"column":12},"end":{"line":1,"column":16}},{"start":{"line":1,"column":16},"end":{"line":1,"column":null}}]}},"s":{"0":1,"1":1,"2":1,"3":1,"4":1},"f":{"0":1},"b":{"0":[1,1]}}
}
